<?xml version="1.0" encoding="UTF-8"?>

<ImplementationGuide xmlns="http://hl7.org/fhir">
  <id value="test-ig"/>
  <url value="http://hl7.org/fhir/test/ImplementationGuide/test-ig"/>
  <name value="Test Implementation Guide"/>
  <status value="draft"/>
  <experimental value="true"/>
  <publisher value="FHIR Project"/>
  <definition>

    <resource>
      <exampleBoolean value="false"/>
      <reference>
        <reference value="CodeSystem/test-ig-cs"/>
      </reference>
    </resource>

    <resource>
      <exampleBoolean value="false"/>
      <reference>
        <reference value="ValueSet/test-ig-vs"/>
      </reference>
    </resource>
    <resource>
      <exampleBoolean value="false"/>
      <reference>
        <reference value="ValueSet/test-ig-vsint"/>
      </reference>
    </resource>
    <resource>
      <exampleBoolean value="false"/>
      <reference>
        <reference value="ValueSet/test-ig-vsext"/>
      </reference>
    </resource>
    <resource>
      <exampleBoolean value="false"/>
      <reference>
        <reference value="ValueSet/test-ig-bnd1"/>
      </reference>
    </resource>
    <resource>
      <exampleBoolean value="false"/>
      <reference>
        <reference value="ValueSet/test-ig-bnd2"/>
      </reference>
    </resource>

    
    <!-- Profiles --> 
    <resource>
      <exampleBoolean value="false"/>
      <reference>
        <reference value="StructureDefinition/test-ig-sd"/>
      </reference>
    </resource>
    
    <page>
      <nameUrl value="index.html"/>
      <title value="Home Page"/>
    </page>
  </definition>
</ImplementationGuide>