<ImplementationGuide xmlns="http://hl7.org/fhir" xmlns:xsi="http://www.w3.org/2001/XMLSchema-instance">
  <id value="test-ig"/>
  <url value="http://example.org/fhir/ImplementationGuide/test-ig"/>
  <name value="Test mixed-version IG"/>
  <status value="draft"/>
  <date value="2016-05-30T04:04:46-06:00"/>
  <description value="IG that tests publishing when mixing source content of different versions"/>
  <useContext>
    <coding>
      <system value="urn:iso:std:iso:3166"/>
      <code value="CA"/>
    </coding>
  </useContext>
  <fhirVersion value="1.4.0"/>
  <definition>
    <package id="conf">
      <name value="Conformance Statements"/>
      <description value="Test conformance statement - this will be in 1.4.0."/>
    </package>
    <package id="srch">
      <name value="Search Parameters"/>
      <description value="Test search parameter - this will be in 1.4.0"/>
    </package>
    <package id="vs">
      <name value="Value Sets"/>
      <description value="Test ValueSet - this will be in 1.4.0."/>
    </package>
    <package id="ext">
      <name value="Extensions"/>
      <description value="3.0.1 extension"/>
    </package>
    <package id="dt">
      <name value="Data Type Profiles"/>
      <description value="3.0.1 Data type profile"/>
    </package>
    <package id="pld">
      <name value="Payload Resource Profiles"/>
      <description value="3.0.1 resource profile"/>
    </package>
    <package id="ex">
      <name value="Examples"/>
      <description value="Test example instance."/>
    </package>
    
    <resource>
      <reference>
        <reference value="CapabilityStatement/conformance-test"/>
      </reference>
      <name value="Test conformance statement"/>
      <description value="Tests handling of the switch from CapabilityStatement to Conformance and 1.4.0 source files"/>
      <exampleBoolean value="false"/>
      <package value="conf"/>
    </resource>
    <resource>
      <reference>
        <reference value="SearchParameter/sp-test"/>
      </reference>
      <name value="Test search parameter"/>
      <description value="Tests handling of another type of 1.4.0 source files"/>
      <exampleBoolean value="false"/>
      <package value="srch"/>
    </resource>
    <resource>
      <reference>
        <reference value="ValueSet/name-confirmation-codes"/>
      </reference>
      <name value="Name Confirmation Codes"/>
      <description value="Sample value set"/>
      <exampleBoolean value="false"/>
      <package value="vs"/>
    </resource>
    <resource>
      <reference>
        <reference value="StructureDefinition/ext-name-confirmation"/>
      </reference>
      <name value="Name Confirmation"/>
      <description value="Test extension"/>
      <exampleBoolean value="false"/>
      <package value="ext"/>
    </resource>
    <resource>
      <reference>
        <reference value="StructureDefinition/dtprofile-name"/>
      </reference>
      <name value="Test Name"/>
      <description value="Sample data type profile"/>
      <exampleBoolean value="false"/>
       <package value="dt"/>
    </resource>
    <resource>
      <reference>
        <reference value="StructureDefinition/profile-patient"/>
      </reference>
      <name value="Test Patient"/>
      <description value="Sample resource profile"/>
      <exampleBoolean value="false"/>
      <package value="pld"/>
    </resource>
    <resource>
      <reference>
        <reference value="Patient/example-patient"/>
      </reference>
      <example value="true"/>
      <name value="Test patient instance"/>
      <description value="A 1.4.0 patient"/>
      <exampleReference>
        <reference value="StructureDefinition/profile-patient"/>
      </exampleReference>
      <package value="ex"/>
    </resource>
       
    <page>
      <nameUrl value="test-ig.html"/>
      <title value="IG Home page"/>
      <kind value="page"/>
      <page>
        <nameUrl value="artifacts.html"/>
        <title value="List of artifacts"/>
        <page>
          <nameUrl value="conformance-test.html"/>
          <title value="Test conformance example"/>
        </page>
        <page>
          <nameUrl value="sp-test.html"/>
          <title value="Test search parameter"/>
        </page>
        <page>
          <nameUrl value="Name-confirmation-codes.html"/>
          <title value="Name Confirmation Codes"/>
        </page>
        <page>
          <nameUrl value="extension-ext-Name-confirmation.html"/>
          <title value="Name Confirmation"/>
        </page>
        <page>
          <nameUrl value="dtprofile-Name.html"/>
          <title value="Test Name"/>
        </page>
        <page>
          <nameUrl value="profile-patient.html"/>
          <title value="Test Patient"/>
        </page>
        <page>
          <nameUrl value="example-patient.html"/>
          <title value="Test Patient 1.4 instance"/>
        </page>
      </page>
    </page>
  </definition>
</ImplementationGuide>
