<?xml version="1.0" encoding="UTF-8"?>

<CapabilityStatement xmlns="http://hl7.org/fhir">
  <id value="test-ig-capstmt"/>
  <url value="http://hl7.org/fhir/test/CapabilityStatement/test-ig-capstmt"/>
  <name value="TestFHIRCapabilityStatement"/> 
  <title value="Test FHIR Capability Statement"/> 
  <status value="draft"/> 
  <experimental value="true"/> 
  <fhirVersion value="3.0.0"/> 
  <acceptUnknown value="both"/> 
  <format value="xml"/> 
  <format value="json"/> 
  <rest> 
    <mode value="server"/> 
    <documentation value="All the functionality defined in FHIR"/> 
    <security> 
      <cors value="true"/> 
      <service> 
        <coding> 
          <system value="http://hl7.org/fhir/restful-security-service"/> 
          <code value="SMART-on-FHIR"/> 
          <display value="SMART-on-FHIR"/> 
        </coding> 
        <text value="See http://docs.smarthealthit.org/"/> 
      </service> 
      <description value="This is the Capability Statement to declare that the server supports SMART-on-FHIR. See
       the SMART-on-FHIR docs for the extension that would go with such a server"/> 
    </security> 
    <resource> 
      <type value="Account"/> 
      <profile> 
        <reference value="http://hl7.org/fhir/StructureDefinition/Account"/> 
      </profile> 
      <interaction> 
        <code value="read"/> 
        <documentation value="Implemented per the specification (or Insert other doco here)"/> 
      </interaction> 
      <interaction> 
        <code value="vread"/> 
        <documentation value="Implemented per the specification (or Insert other doco here)"/> 
      </interaction> 
      <interaction> 
        <code value="update"/> 
        <documentation value="Implemented per the specification (or Insert other doco here)"/> 
      </interaction> 
      <interaction> 
        <code value="delete"/> 
        <documentation value="Implemented per the specification (or Insert other doco here)"/> 
      </interaction> 
      <interaction> 
        <code value="history-instance"/> 
        <documentation value="Implemented per the specification (or Insert other doco here)"/> 
      </interaction> 
      <interaction> 
        <code value="history-type"/> 
        <documentation value="Implemented per the specification (or Insert other doco here)"/> 
      </interaction> 
      <interaction> 
        <code value="create"/> 
        <documentation value="Implemented per the specification (or Insert other doco here)"/> 
      </interaction> 
      <interaction> 
        <code value="search-type"/> 
        <documentation value="Implemented per the specification (or Insert other doco here)"/> 
      </interaction> 
      <conditionalCreate value="true"/> 
      <conditionalUpdate value="true"/> 
      <conditionalDelete value="multiple"/> 
      <referencePolicy value="literal"/> 
      <referencePolicy value="logical"/> 
      <searchInclude value="Account.owner"/> 
      <searchInclude value="Account.subject"/> 
      <searchInclude value="Account.patient"/> 
      <searchRevInclude value="ChargeItem.account"/> 
      <searchRevInclude value="Invoice.account"/> 
      <searchParam> 
        <name value="owner"/> 
        <definition value="http://hl7.org/fhir/SearchParameter/Account-owner"/> 
        <type value="reference"/> 
        <documentation value="Who is responsible?"/> 
      </searchParam> 
      <searchParam> 
        <name value="identifier"/> 
        <definition value="http://hl7.org/fhir/SearchParameter/Account-identifier"/> 
        <type value="token"/> 
        <documentation value="Account number"/> 
      </searchParam> 
      <searchParam> 
        <name value="period"/> 
        <definition value="http://hl7.org/fhir/SearchParameter/Account-period"/> 
        <type value="date"/> 
        <documentation value="Transaction window"/> 
      </searchParam> 
      <searchParam> 
        <name value="subject"/> 
        <definition value="http://hl7.org/fhir/SearchParameter/Account-subject"/> 
        <type value="reference"/> 
        <documentation value="What is account tied to?"/> 
      </searchParam> 
      <searchParam> 
        <name value="patient"/> 
        <definition value="http://hl7.org/fhir/SearchParameter/Account-patient"/> 
        <type value="reference"/> 
        <documentation value="What is account tied to?"/> 
      </searchParam> 
      <searchParam> 
        <name value="name"/> 
        <definition value="http://hl7.org/fhir/SearchParameter/Account-name"/> 
        <type value="string"/> 
        <documentation value="Human-readable label"/> 
      </searchParam> 
      <searchParam> 
        <name value="type"/> 
        <definition value="http://hl7.org/fhir/SearchParameter/Account-type"/> 
        <type value="token"/> 
        <documentation value="E.g. patient, expense, depreciation"/> 
      </searchParam> 
      <searchParam> 
        <name value="status"/> 
        <definition value="http://hl7.org/fhir/SearchParameter/Account-status"/> 
        <type value="token"/> 
        <documentation value="active | inactive | entered-in-error"/> 
      </searchParam> 
    </resource> 
   </rest>
</CapabilityStatement>